<?xml version="1.0" encoding="UTF-8"?>
<!-- Generated by org.testng.reporters.JUnitXMLReporter -->
<testsuite ignored="0" hostname="noa" failures="0" tests="3" name="Test" time="1.204" errors="0" timestamp="22 May 2020 16:30:16 GMT">
  <testcase classname="com.w2a.suite.purchaseset1.testcase.purchaseXbox" name="purchasexbox" time="0.096"/>
  <testcase classname="com.w2a.suite.purchaseset1.testcase.purchaseXbox" name="purchasexbox" time="0.078"/>
  <testcase classname="com.w2a.suite.purchaseset1.testcase.purchaseXbox" name="purchasexbox" time="0.076"/>
</testsuite> <!-- Test -->
