<?xml version="1.0" encoding="UTF-8"?>
<!-- Generated by org.testng.reporters.JUnitXMLReporter -->
<testsuite ignored="0" hostname="noa" failures="0" tests="3" name="Xbox" time="48.221" errors="0" timestamp="23 May 2020 10:05:30 GMT">
  <testcase classname="com.w2a.suite.purchaseset1.testcase.purchaseXbox" name="purchasexbox" time="20.692"/>
  <testcase classname="com.w2a.suite.purchaseset1.testcase.purchaseXbox" name="purchasexbox" time="29.802"/>
  <testcase classname="com.w2a.suite.purchaseset1.testcase.purchaseXbox" name="purchasexbox" time="46.9"/>
</testsuite> <!-- Xbox -->
