<?xml version="1.0" encoding="UTF-8"?>
<!-- Generated by org.testng.reporters.JUnitXMLReporter -->
<testsuite ignored="0" hostname="noa" failures="3" tests="3" name="Ps4" time="0.187" errors="0" timestamp="22 May 2020 21:14:46 GMT">
  <testcase classname="com.w2a.suite.purchaseset1.testcase.PurchasePs4" name="purchaseps4" time="0.074">
    <failure type="java.lang.NullPointerException">
      <![CDATA[java.lang.NullPointerException
	at com.w2a.base.TestBase.navigate(TestBase.java:124)
	at com.w2a.suite.purchaseset1.testcase.PurchasePs4.purchaseps4(PurchasePs4.java:24)
	at java.base/java.util.concurrent.FutureTask.run(FutureTask.java:264)
	at java.base/java.util.concurrent.Executors$RunnableAdapter.call(Executors.java:515)
	at java.base/java.util.concurrent.FutureTask.run(FutureTask.java:264)
	at java.base/java.util.concurrent.ThreadPoolExecutor.runWorker(ThreadPoolExecutor.java:1128)
	at java.base/java.util.concurrent.ThreadPoolExecutor$Worker.run(ThreadPoolExecutor.java:628)
	at java.base/java.lang.Thread.run(Thread.java:830)
... Removed 9 stack frames]]>
    </failure>
  </testcase> <!-- purchaseps4 -->
  <testcase classname="com.w2a.suite.purchaseset1.testcase.PurchasePs4" name="purchaseps4" time="0.105">
    <failure type="java.lang.NullPointerException">
      <![CDATA[java.lang.NullPointerException
	at com.w2a.base.TestBase.navigate(TestBase.java:124)
	at com.w2a.suite.purchaseset1.testcase.PurchasePs4.purchaseps4(PurchasePs4.java:24)
	at java.base/java.util.concurrent.FutureTask.run(FutureTask.java:264)
	at java.base/java.util.concurrent.Executors$RunnableAdapter.call(Executors.java:515)
	at java.base/java.util.concurrent.FutureTask.run(FutureTask.java:264)
	at java.base/java.util.concurrent.ThreadPoolExecutor.runWorker(ThreadPoolExecutor.java:1128)
	at java.base/java.util.concurrent.ThreadPoolExecutor$Worker.run(ThreadPoolExecutor.java:628)
	at java.base/java.lang.Thread.run(Thread.java:830)
... Removed 9 stack frames]]>
    </failure>
  </testcase> <!-- purchaseps4 -->
  <testcase classname="com.w2a.suite.purchaseset1.testcase.PurchasePs4" name="purchaseps4" time="0.136">
    <failure type="java.lang.NullPointerException">
      <![CDATA[java.lang.NullPointerException
	at com.w2a.base.TestBase.navigate(TestBase.java:124)
	at com.w2a.suite.purchaseset1.testcase.PurchasePs4.purchaseps4(PurchasePs4.java:24)
	at java.base/java.util.concurrent.FutureTask.run(FutureTask.java:264)
	at java.base/java.util.concurrent.Executors$RunnableAdapter.call(Executors.java:515)
	at java.base/java.util.concurrent.FutureTask.run(FutureTask.java:264)
	at java.base/java.util.concurrent.ThreadPoolExecutor.runWorker(ThreadPoolExecutor.java:1128)
	at java.base/java.util.concurrent.ThreadPoolExecutor$Worker.run(ThreadPoolExecutor.java:628)
	at java.base/java.lang.Thread.run(Thread.java:830)
... Removed 9 stack frames]]>
    </failure>
  </testcase> <!-- purchaseps4 -->
</testsuite> <!-- Ps4 -->
