<?xml version="1.0" encoding="UTF-8"?>
<!-- Generated by org.testng.reporters.JUnitXMLReporter -->
<testsuite ignored="0" hostname="noa" failures="3" tests="3" name="Xbox" time="0.388" errors="0" timestamp="22 May 2020 21:14:45 GMT">
  <testcase classname="com.w2a.suite.purchaseset1.testcase.purchaseXbox" name="purchasexbox" time="0.129">
    <failure type="java.lang.NullPointerException">
      <![CDATA[java.lang.NullPointerException
	at com.w2a.base.TestBase.navigate(TestBase.java:124)
	at com.w2a.suite.purchaseset1.testcase.purchaseXbox.purchasexbox(purchaseXbox.java:24)
	at java.base/java.util.concurrent.FutureTask.run(FutureTask.java:264)
	at java.base/java.util.concurrent.Executors$RunnableAdapter.call(Executors.java:515)
	at java.base/java.util.concurrent.FutureTask.run(FutureTask.java:264)
	at java.base/java.util.concurrent.ThreadPoolExecutor.runWorker(ThreadPoolExecutor.java:1128)
	at java.base/java.util.concurrent.ThreadPoolExecutor$Worker.run(ThreadPoolExecutor.java:628)
	at java.base/java.lang.Thread.run(Thread.java:830)
... Removed 9 stack frames]]>
    </failure>
  </testcase> <!-- purchasexbox -->
  <testcase classname="com.w2a.suite.purchaseset1.testcase.purchaseXbox" name="purchasexbox" time="0.174">
    <failure type="java.lang.NullPointerException">
      <![CDATA[java.lang.NullPointerException
	at com.w2a.base.TestBase.navigate(TestBase.java:124)
	at com.w2a.suite.purchaseset1.testcase.purchaseXbox.purchasexbox(purchaseXbox.java:24)
	at java.base/java.util.concurrent.FutureTask.run(FutureTask.java:264)
	at java.base/java.util.concurrent.Executors$RunnableAdapter.call(Executors.java:515)
	at java.base/java.util.concurrent.FutureTask.run(FutureTask.java:264)
	at java.base/java.util.concurrent.ThreadPoolExecutor.runWorker(ThreadPoolExecutor.java:1128)
	at java.base/java.util.concurrent.ThreadPoolExecutor$Worker.run(ThreadPoolExecutor.java:628)
	at java.base/java.lang.Thread.run(Thread.java:830)
... Removed 9 stack frames]]>
    </failure>
  </testcase> <!-- purchasexbox -->
  <testcase classname="com.w2a.suite.purchaseset1.testcase.purchaseXbox" name="purchasexbox" time="0.228">
    <failure type="java.lang.NullPointerException">
      <![CDATA[java.lang.NullPointerException
	at com.w2a.base.TestBase.navigate(TestBase.java:124)
	at com.w2a.suite.purchaseset1.testcase.purchaseXbox.purchasexbox(purchaseXbox.java:24)
	at java.base/java.util.concurrent.FutureTask.run(FutureTask.java:264)
	at java.base/java.util.concurrent.Executors$RunnableAdapter.call(Executors.java:515)
	at java.base/java.util.concurrent.FutureTask.run(FutureTask.java:264)
	at java.base/java.util.concurrent.ThreadPoolExecutor.runWorker(ThreadPoolExecutor.java:1128)
	at java.base/java.util.concurrent.ThreadPoolExecutor$Worker.run(ThreadPoolExecutor.java:628)
	at java.base/java.lang.Thread.run(Thread.java:830)
... Removed 9 stack frames]]>
    </failure>
  </testcase> <!-- purchasexbox -->
</testsuite> <!-- Xbox -->
